[ 2022-12-03 23:19:54,233 ] 15 root - INFO - >>>>>>>>>>>>>>>>>>>>>>>>>>>>>>>>>>>>>>>> Data Ingestion <<<<<<<<<<<<<<<<<<<<<<<<<<<<<<<<<<<<<<<<
[ 2022-12-03 23:19:54,233 ] 22 root - INFO - Exporting collection data as pandas dataframe
[ 2022-12-03 23:19:54,233 ] 18 root - INFO - Reading data from database: aps and collection: sensor
[ 2022-12-03 23:19:58,017 ] 20 root - INFO - Found columns: Index(['_id', 'class', 'aa_000', 'ab_000', 'ac_000', 'ad_000', 'ae_000',
       'af_000', 'ag_000', 'ag_001',
       ...
       'ee_002', 'ee_003', 'ee_004', 'ee_005', 'ee_006', 'ee_007', 'ee_008',
       'ee_009', 'ef_000', 'eg_000'],
      dtype='object', length=172)
[ 2022-12-03 23:19:58,018 ] 22 root - INFO - Dropping column: _id 
[ 2022-12-03 23:19:58,210 ] 24 root - INFO - Row and columns in df: (36188, 171)
[ 2022-12-03 23:19:58,210 ] 28 root - INFO - Save data in feature store
[ 2022-12-03 23:19:58,852 ] 34 root - INFO - Create feature store folder if not available
[ 2022-12-03 23:19:58,853 ] 38 root - INFO - Save df to feature store folder
[ 2022-12-03 23:20:01,314 ] 43 root - INFO - split dataset into train and test set
[ 2022-12-03 23:20:01,971 ] 47 root - INFO - create dataset directory folder if not available
[ 2022-12-03 23:20:01,972 ] 52 root - INFO - Save df to feature store folder
[ 2022-12-03 23:20:04,211 ] 64 root - INFO - Data ingestion artifact: DataIngestionArtifact(feature_store_file_path='/config/workspace/artifact/12032022__231954/data_ingestion/feature_store/sensor.csv', train_file_path='/config/workspace/artifact/12032022__231954/data_ingestion/dataset/train.csv', test_file_path='/config/workspace/artifact/12032022__231954/data_ingestion/dataset/test.csv')
[ 2022-12-03 23:20:04,599 ] 21 root - INFO - >>>>>>>>>>>>>>>>>>>>>>>>>>>>>>>>>>>>>>>> Data Validation <<<<<<<<<<<<<<<<<<<<<<<<<<<<<<<<<<<<<<<<
[ 2022-12-03 23:20:04,599 ] 109 root - INFO - Reading base dataframe
[ 2022-12-03 23:20:07,469 ] 112 root - INFO - Replace na value in base df
[ 2022-12-03 23:20:07,469 ] 114 root - INFO - Drop null values colums from base df
[ 2022-12-03 23:20:08,405 ] 43 root - INFO - selecting column name which contains null above to 0.2
[ 2022-12-03 23:20:08,406 ] 46 root - INFO - Columns to drop: ['ab_000', 'ad_000', 'bk_000', 'bl_000', 'bm_000', 'bn_000', 'bo_000', 'bp_000', 'bq_000', 'br_000', 'cf_000', 'cg_000', 'ch_000', 'co_000', 'cr_000', 'ct_000', 'cu_000', 'cv_000', 'cx_000', 'cy_000', 'cz_000', 'da_000', 'db_000', 'dc_000']
[ 2022-12-03 23:20:08,503 ] 117 root - INFO - Reading train dataframe
[ 2022-12-03 23:20:08,892 ] 119 root - INFO - Reading test dataframe
[ 2022-12-03 23:20:08,989 ] 122 root - INFO - Drop null values colums from train df
[ 2022-12-03 23:20:09,001 ] 43 root - INFO - selecting column name which contains null above to 0.2
[ 2022-12-03 23:20:09,001 ] 46 root - INFO - Columns to drop: ['ab_000', 'ad_000', 'bk_000', 'bl_000', 'bm_000', 'bn_000', 'bo_000', 'bp_000', 'bq_000', 'br_000', 'cf_000', 'cg_000', 'ch_000', 'co_000', 'cr_000', 'ct_000', 'cu_000', 'cv_000', 'cx_000', 'cy_000', 'cz_000', 'da_000', 'db_000', 'dc_000']
[ 2022-12-03 23:20:09,010 ] 124 root - INFO - Drop null values colums from test df
[ 2022-12-03 23:20:09,015 ] 43 root - INFO - selecting column name which contains null above to 0.2
[ 2022-12-03 23:20:09,015 ] 46 root - INFO - Columns to drop: ['ab_000', 'ad_000', 'bk_000', 'bl_000', 'bm_000', 'bn_000', 'bo_000', 'bp_000', 'bq_000', 'br_000', 'cf_000', 'cg_000', 'ch_000', 'co_000', 'cr_000', 'ct_000', 'cu_000', 'cv_000', 'cx_000', 'cy_000', 'cz_000', 'da_000', 'db_000', 'dc_000']
[ 2022-12-03 23:20:14,946 ] 133 root - INFO - Is all required columns present in train df
[ 2022-12-03 23:20:14,947 ] 135 root - INFO - Is all required columns present in test df
[ 2022-12-03 23:20:14,947 ] 139 root - INFO - As all column are available in train df hence detecting data drift
[ 2022-12-03 23:20:14,947 ] 87 root - INFO - Hypothesis class: object, object 
[ 2022-12-03 23:20:15,084 ] 87 root - INFO - Hypothesis aa_000: float64, float64 
[ 2022-12-03 23:20:15,095 ] 87 root - INFO - Hypothesis ac_000: float64, float64 
[ 2022-12-03 23:20:15,103 ] 87 root - INFO - Hypothesis ae_000: float64, float64 
[ 2022-12-03 23:20:15,138 ] 87 root - INFO - Hypothesis af_000: float64, float64 
[ 2022-12-03 23:20:15,173 ] 87 root - INFO - Hypothesis ag_000: float64, float64 
[ 2022-12-03 23:20:15,208 ] 87 root - INFO - Hypothesis ag_001: float64, float64 
[ 2022-12-03 23:20:15,243 ] 87 root - INFO - Hypothesis ag_002: float64, float64 
[ 2022-12-03 23:20:15,278 ] 87 root - INFO - Hypothesis ag_003: float64, float64 
[ 2022-12-03 23:20:15,315 ] 87 root - INFO - Hypothesis ag_004: float64, float64 
[ 2022-12-03 23:20:15,325 ] 87 root - INFO - Hypothesis ag_005: float64, float64 
[ 2022-12-03 23:20:15,335 ] 87 root - INFO - Hypothesis ag_006: float64, float64 
[ 2022-12-03 23:20:15,346 ] 87 root - INFO - Hypothesis ag_007: float64, float64 
[ 2022-12-03 23:20:15,355 ] 87 root - INFO - Hypothesis ag_008: float64, float64 
[ 2022-12-03 23:20:15,395 ] 87 root - INFO - Hypothesis ag_009: float64, float64 
[ 2022-12-03 23:20:15,432 ] 87 root - INFO - Hypothesis ah_000: float64, float64 
[ 2022-12-03 23:20:15,443 ] 87 root - INFO - Hypothesis ai_000: float64, float64 
[ 2022-12-03 23:20:15,480 ] 87 root - INFO - Hypothesis aj_000: float64, float64 
[ 2022-12-03 23:20:15,518 ] 87 root - INFO - Hypothesis ak_000: float64, float64 
[ 2022-12-03 23:20:15,553 ] 87 root - INFO - Hypothesis al_000: float64, float64 
[ 2022-12-03 23:20:15,592 ] 87 root - INFO - Hypothesis am_0: float64, float64 
[ 2022-12-03 23:20:15,633 ] 87 root - INFO - Hypothesis an_000: float64, float64 
[ 2022-12-03 23:20:15,644 ] 87 root - INFO - Hypothesis ao_000: float64, float64 
[ 2022-12-03 23:20:15,655 ] 87 root - INFO - Hypothesis ap_000: float64, float64 
[ 2022-12-03 23:20:15,665 ] 87 root - INFO - Hypothesis aq_000: float64, float64 
[ 2022-12-03 23:20:15,676 ] 87 root - INFO - Hypothesis ar_000: float64, float64 
[ 2022-12-03 23:20:15,714 ] 87 root - INFO - Hypothesis as_000: float64, float64 
[ 2022-12-03 23:20:15,749 ] 87 root - INFO - Hypothesis at_000: float64, float64 
[ 2022-12-03 23:20:15,786 ] 87 root - INFO - Hypothesis au_000: float64, float64 
[ 2022-12-03 23:20:15,821 ] 87 root - INFO - Hypothesis av_000: float64, float64 
[ 2022-12-03 23:20:15,861 ] 87 root - INFO - Hypothesis ax_000: float64, float64 
[ 2022-12-03 23:20:15,905 ] 87 root - INFO - Hypothesis ay_000: float64, float64 
[ 2022-12-03 23:20:15,940 ] 87 root - INFO - Hypothesis ay_001: float64, float64 
[ 2022-12-03 23:20:15,976 ] 87 root - INFO - Hypothesis ay_002: float64, float64 
[ 2022-12-03 23:20:16,012 ] 87 root - INFO - Hypothesis ay_003: float64, float64 
[ 2022-12-03 23:20:16,047 ] 87 root - INFO - Hypothesis ay_004: float64, float64 
[ 2022-12-03 23:20:16,082 ] 87 root - INFO - Hypothesis ay_005: float64, float64 
[ 2022-12-03 23:20:16,089 ] 87 root - INFO - Hypothesis ay_006: float64, float64 
[ 2022-12-03 23:20:16,099 ] 87 root - INFO - Hypothesis ay_007: float64, float64 
[ 2022-12-03 23:20:16,109 ] 87 root - INFO - Hypothesis ay_008: float64, float64 
[ 2022-12-03 23:20:16,150 ] 87 root - INFO - Hypothesis ay_009: float64, float64 
[ 2022-12-03 23:20:16,184 ] 87 root - INFO - Hypothesis az_000: float64, float64 
[ 2022-12-03 23:20:16,194 ] 87 root - INFO - Hypothesis az_001: float64, float64 
[ 2022-12-03 23:20:16,203 ] 87 root - INFO - Hypothesis az_002: float64, float64 
[ 2022-12-03 23:20:16,212 ] 87 root - INFO - Hypothesis az_003: float64, float64 
[ 2022-12-03 23:20:16,222 ] 87 root - INFO - Hypothesis az_004: float64, float64 
[ 2022-12-03 23:20:16,232 ] 87 root - INFO - Hypothesis az_005: float64, float64 
[ 2022-12-03 23:20:16,274 ] 87 root - INFO - Hypothesis az_006: float64, float64 
[ 2022-12-03 23:20:16,313 ] 87 root - INFO - Hypothesis az_007: float64, float64 
[ 2022-12-03 23:20:16,350 ] 87 root - INFO - Hypothesis az_008: float64, float64 
[ 2022-12-03 23:20:16,385 ] 87 root - INFO - Hypothesis az_009: float64, float64 
[ 2022-12-03 23:20:16,421 ] 87 root - INFO - Hypothesis ba_000: float64, float64 
[ 2022-12-03 23:20:16,432 ] 87 root - INFO - Hypothesis ba_001: float64, float64 
[ 2022-12-03 23:20:16,442 ] 87 root - INFO - Hypothesis ba_002: float64, float64 
[ 2022-12-03 23:20:16,452 ] 87 root - INFO - Hypothesis ba_003: float64, float64 
[ 2022-12-03 23:20:16,463 ] 87 root - INFO - Hypothesis ba_004: float64, float64 
[ 2022-12-03 23:20:16,473 ] 87 root - INFO - Hypothesis ba_005: float64, float64 
[ 2022-12-03 23:20:16,483 ] 87 root - INFO - Hypothesis ba_006: float64, float64 
[ 2022-12-03 23:20:16,493 ] 87 root - INFO - Hypothesis ba_007: float64, float64 
[ 2022-12-03 23:20:16,502 ] 87 root - INFO - Hypothesis ba_008: float64, float64 
[ 2022-12-03 23:20:16,540 ] 87 root - INFO - Hypothesis ba_009: float64, float64 
[ 2022-12-03 23:20:16,578 ] 87 root - INFO - Hypothesis bb_000: float64, float64 
[ 2022-12-03 23:20:16,589 ] 87 root - INFO - Hypothesis bc_000: float64, float64 
[ 2022-12-03 23:20:16,597 ] 87 root - INFO - Hypothesis bd_000: float64, float64 
[ 2022-12-03 23:20:16,605 ] 87 root - INFO - Hypothesis be_000: float64, float64 
[ 2022-12-03 23:20:16,614 ] 87 root - INFO - Hypothesis bf_000: float64, float64 
[ 2022-12-03 23:20:16,621 ] 87 root - INFO - Hypothesis bg_000: float64, float64 
[ 2022-12-03 23:20:16,632 ] 87 root - INFO - Hypothesis bh_000: float64, float64 
[ 2022-12-03 23:20:16,643 ] 87 root - INFO - Hypothesis bi_000: float64, float64 
[ 2022-12-03 23:20:16,684 ] 87 root - INFO - Hypothesis bj_000: float64, float64 
[ 2022-12-03 23:20:16,695 ] 87 root - INFO - Hypothesis bs_000: float64, float64 
[ 2022-12-03 23:20:16,706 ] 87 root - INFO - Hypothesis bt_000: float64, float64 
[ 2022-12-03 23:20:16,716 ] 87 root - INFO - Hypothesis bu_000: float64, float64 
[ 2022-12-03 23:20:16,727 ] 87 root - INFO - Hypothesis bv_000: float64, float64 
[ 2022-12-03 23:20:16,738 ] 87 root - INFO - Hypothesis bx_000: float64, float64 
[ 2022-12-03 23:20:16,751 ] 87 root - INFO - Hypothesis by_000: float64, float64 
[ 2022-12-03 23:20:16,764 ] 87 root - INFO - Hypothesis bz_000: float64, float64 
[ 2022-12-03 23:20:16,773 ] 87 root - INFO - Hypothesis ca_000: float64, float64 
[ 2022-12-03 23:20:16,784 ] 87 root - INFO - Hypothesis cb_000: float64, float64 
[ 2022-12-03 23:20:16,796 ] 87 root - INFO - Hypothesis cc_000: float64, float64 
[ 2022-12-03 23:20:16,806 ] 87 root - INFO - Hypothesis cd_000: float64, float64 
[ 2022-12-03 23:20:16,845 ] 87 root - INFO - Hypothesis ce_000: float64, float64 
[ 2022-12-03 23:20:16,885 ] 87 root - INFO - Hypothesis ci_000: float64, float64 
[ 2022-12-03 23:20:16,896 ] 87 root - INFO - Hypothesis cj_000: float64, float64 
[ 2022-12-03 23:20:16,933 ] 87 root - INFO - Hypothesis ck_000: float64, float64 
[ 2022-12-03 23:20:16,944 ] 87 root - INFO - Hypothesis cl_000: float64, float64 
[ 2022-12-03 23:20:16,950 ] 87 root - INFO - Hypothesis cm_000: float64, float64 
[ 2022-12-03 23:20:16,988 ] 87 root - INFO - Hypothesis cn_000: float64, float64 
[ 2022-12-03 23:20:17,023 ] 87 root - INFO - Hypothesis cn_001: float64, float64 
[ 2022-12-03 23:20:17,060 ] 87 root - INFO - Hypothesis cn_002: float64, float64 
[ 2022-12-03 23:20:17,099 ] 87 root - INFO - Hypothesis cn_003: float64, float64 
[ 2022-12-03 23:20:17,141 ] 87 root - INFO - Hypothesis cn_004: float64, float64 
[ 2022-12-03 23:20:17,151 ] 87 root - INFO - Hypothesis cn_005: float64, float64 
[ 2022-12-03 23:20:17,162 ] 87 root - INFO - Hypothesis cn_006: float64, float64 
[ 2022-12-03 23:20:17,172 ] 87 root - INFO - Hypothesis cn_007: float64, float64 
[ 2022-12-03 23:20:17,213 ] 87 root - INFO - Hypothesis cn_008: float64, float64 
[ 2022-12-03 23:20:17,253 ] 87 root - INFO - Hypothesis cn_009: float64, float64 
[ 2022-12-03 23:20:17,292 ] 87 root - INFO - Hypothesis cp_000: float64, float64 
[ 2022-12-03 23:20:17,330 ] 87 root - INFO - Hypothesis cq_000: float64, float64 
[ 2022-12-03 23:20:17,340 ] 87 root - INFO - Hypothesis cs_000: float64, float64 
[ 2022-12-03 23:20:17,350 ] 87 root - INFO - Hypothesis cs_001: float64, float64 
[ 2022-12-03 23:20:17,359 ] 87 root - INFO - Hypothesis cs_002: float64, float64 
[ 2022-12-03 23:20:17,369 ] 87 root - INFO - Hypothesis cs_003: float64, float64 
[ 2022-12-03 23:20:17,379 ] 87 root - INFO - Hypothesis cs_004: float64, float64 
[ 2022-12-03 23:20:17,389 ] 87 root - INFO - Hypothesis cs_005: float64, float64 
[ 2022-12-03 23:20:17,400 ] 87 root - INFO - Hypothesis cs_006: float64, float64 
[ 2022-12-03 23:20:17,442 ] 87 root - INFO - Hypothesis cs_007: float64, float64 
[ 2022-12-03 23:20:17,452 ] 87 root - INFO - Hypothesis cs_008: float64, float64 
[ 2022-12-03 23:20:17,459 ] 87 root - INFO - Hypothesis cs_009: float64, float64 
[ 2022-12-03 23:20:17,496 ] 87 root - INFO - Hypothesis dd_000: float64, float64 
[ 2022-12-03 23:20:17,505 ] 87 root - INFO - Hypothesis de_000: float64, float64 
[ 2022-12-03 23:20:17,513 ] 87 root - INFO - Hypothesis df_000: float64, float64 
[ 2022-12-03 23:20:17,549 ] 87 root - INFO - Hypothesis dg_000: float64, float64 
[ 2022-12-03 23:20:17,584 ] 87 root - INFO - Hypothesis dh_000: float64, float64 
[ 2022-12-03 23:20:17,621 ] 87 root - INFO - Hypothesis di_000: float64, float64 
[ 2022-12-03 23:20:17,659 ] 87 root - INFO - Hypothesis dj_000: float64, float64 
[ 2022-12-03 23:20:17,695 ] 87 root - INFO - Hypothesis dk_000: float64, float64 
[ 2022-12-03 23:20:17,730 ] 87 root - INFO - Hypothesis dl_000: float64, float64 
[ 2022-12-03 23:20:17,765 ] 87 root - INFO - Hypothesis dm_000: float64, float64 
[ 2022-12-03 23:20:17,803 ] 87 root - INFO - Hypothesis dn_000: float64, float64 
[ 2022-12-03 23:20:17,847 ] 87 root - INFO - Hypothesis do_000: float64, float64 
[ 2022-12-03 23:20:17,856 ] 87 root - INFO - Hypothesis dp_000: float64, float64 
[ 2022-12-03 23:20:17,866 ] 87 root - INFO - Hypothesis dq_000: float64, float64 
[ 2022-12-03 23:20:17,902 ] 87 root - INFO - Hypothesis dr_000: float64, float64 
[ 2022-12-03 23:20:17,939 ] 87 root - INFO - Hypothesis ds_000: float64, float64 
[ 2022-12-03 23:20:17,949 ] 87 root - INFO - Hypothesis dt_000: float64, float64 
[ 2022-12-03 23:20:17,959 ] 87 root - INFO - Hypothesis du_000: float64, float64 
[ 2022-12-03 23:20:17,969 ] 87 root - INFO - Hypothesis dv_000: float64, float64 
[ 2022-12-03 23:20:17,979 ] 87 root - INFO - Hypothesis dx_000: float64, float64 
[ 2022-12-03 23:20:18,017 ] 87 root - INFO - Hypothesis dy_000: float64, float64 
[ 2022-12-03 23:20:18,056 ] 87 root - INFO - Hypothesis dz_000: float64, float64 
[ 2022-12-03 23:20:18,091 ] 87 root - INFO - Hypothesis ea_000: float64, float64 
[ 2022-12-03 23:20:18,128 ] 87 root - INFO - Hypothesis eb_000: float64, float64 
[ 2022-12-03 23:20:18,168 ] 87 root - INFO - Hypothesis ec_00: float64, float64 
[ 2022-12-03 23:20:18,178 ] 87 root - INFO - Hypothesis ed_000: float64, float64 
[ 2022-12-03 23:20:18,219 ] 87 root - INFO - Hypothesis ee_000: float64, float64 
[ 2022-12-03 23:20:18,229 ] 87 root - INFO - Hypothesis ee_001: float64, float64 
[ 2022-12-03 23:20:18,239 ] 87 root - INFO - Hypothesis ee_002: float64, float64 
[ 2022-12-03 23:20:18,250 ] 87 root - INFO - Hypothesis ee_003: float64, float64 
[ 2022-12-03 23:20:18,260 ] 87 root - INFO - Hypothesis ee_004: float64, float64 
[ 2022-12-03 23:20:18,270 ] 87 root - INFO - Hypothesis ee_005: float64, float64 
[ 2022-12-03 23:20:18,313 ] 87 root - INFO - Hypothesis ee_006: float64, float64 
[ 2022-12-03 23:20:18,323 ] 87 root - INFO - Hypothesis ee_007: float64, float64 
[ 2022-12-03 23:20:18,333 ] 87 root - INFO - Hypothesis ee_008: float64, float64 
[ 2022-12-03 23:20:18,342 ] 87 root - INFO - Hypothesis ee_009: float64, float64 
[ 2022-12-03 23:20:18,349 ] 87 root - INFO - Hypothesis ef_000: float64, float64 
[ 2022-12-03 23:20:18,384 ] 87 root - INFO - Hypothesis eg_000: float64, float64 
[ 2022-12-03 23:20:18,419 ] 142 root - INFO - As all column are available in test df hence detecting data drift
[ 2022-12-03 23:20:18,420 ] 87 root - INFO - Hypothesis class: object, object 
[ 2022-12-03 23:20:18,494 ] 87 root - INFO - Hypothesis aa_000: float64, float64 
[ 2022-12-03 23:20:18,501 ] 87 root - INFO - Hypothesis ac_000: float64, float64 
[ 2022-12-03 23:20:18,506 ] 87 root - INFO - Hypothesis ae_000: float64, float64 
[ 2022-12-03 23:20:18,521 ] 87 root - INFO - Hypothesis af_000: float64, float64 
[ 2022-12-03 23:20:18,536 ] 87 root - INFO - Hypothesis ag_000: float64, float64 
[ 2022-12-03 23:20:18,550 ] 87 root - INFO - Hypothesis ag_001: float64, float64 
[ 2022-12-03 23:20:18,565 ] 87 root - INFO - Hypothesis ag_002: float64, float64 
[ 2022-12-03 23:20:18,580 ] 87 root - INFO - Hypothesis ag_003: float64, float64 
[ 2022-12-03 23:20:18,585 ] 87 root - INFO - Hypothesis ag_004: float64, float64 
[ 2022-12-03 23:20:18,591 ] 87 root - INFO - Hypothesis ag_005: float64, float64 
[ 2022-12-03 23:20:18,598 ] 87 root - INFO - Hypothesis ag_006: float64, float64 
[ 2022-12-03 23:20:18,605 ] 87 root - INFO - Hypothesis ag_007: float64, float64 
[ 2022-12-03 23:20:18,611 ] 87 root - INFO - Hypothesis ag_008: float64, float64 
[ 2022-12-03 23:20:18,618 ] 87 root - INFO - Hypothesis ag_009: float64, float64 
[ 2022-12-03 23:20:18,623 ] 87 root - INFO - Hypothesis ah_000: float64, float64 
[ 2022-12-03 23:20:18,631 ] 87 root - INFO - Hypothesis ai_000: float64, float64 
[ 2022-12-03 23:20:18,634 ] 87 root - INFO - Hypothesis aj_000: float64, float64 
[ 2022-12-03 23:20:18,639 ] 87 root - INFO - Hypothesis ak_000: float64, float64 
[ 2022-12-03 23:20:18,654 ] 87 root - INFO - Hypothesis al_000: float64, float64 
[ 2022-12-03 23:20:18,658 ] 87 root - INFO - Hypothesis am_0: float64, float64 
[ 2022-12-03 23:20:18,663 ] 87 root - INFO - Hypothesis an_000: float64, float64 
[ 2022-12-03 23:20:18,670 ] 87 root - INFO - Hypothesis ao_000: float64, float64 
[ 2022-12-03 23:20:18,677 ] 87 root - INFO - Hypothesis ap_000: float64, float64 
[ 2022-12-03 23:20:18,684 ] 87 root - INFO - Hypothesis aq_000: float64, float64 
[ 2022-12-03 23:20:18,691 ] 87 root - INFO - Hypothesis ar_000: float64, float64 
[ 2022-12-03 23:20:18,706 ] 87 root - INFO - Hypothesis as_000: float64, float64 
[ 2022-12-03 23:20:18,721 ] 87 root - INFO - Hypothesis at_000: float64, float64 
[ 2022-12-03 23:20:18,725 ] 87 root - INFO - Hypothesis au_000: float64, float64 
[ 2022-12-03 23:20:18,739 ] 87 root - INFO - Hypothesis av_000: float64, float64 
[ 2022-12-03 23:20:18,745 ] 87 root - INFO - Hypothesis ax_000: float64, float64 
[ 2022-12-03 23:20:18,750 ] 87 root - INFO - Hypothesis ay_000: float64, float64 
[ 2022-12-03 23:20:18,766 ] 87 root - INFO - Hypothesis ay_001: float64, float64 
[ 2022-12-03 23:20:18,780 ] 87 root - INFO - Hypothesis ay_002: float64, float64 
[ 2022-12-03 23:20:18,795 ] 87 root - INFO - Hypothesis ay_003: float64, float64 
[ 2022-12-03 23:20:18,811 ] 87 root - INFO - Hypothesis ay_004: float64, float64 
[ 2022-12-03 23:20:18,826 ] 87 root - INFO - Hypothesis ay_005: float64, float64 
[ 2022-12-03 23:20:18,831 ] 87 root - INFO - Hypothesis ay_006: float64, float64 
[ 2022-12-03 23:20:18,841 ] 87 root - INFO - Hypothesis ay_007: float64, float64 
[ 2022-12-03 23:20:18,848 ] 87 root - INFO - Hypothesis ay_008: float64, float64 
[ 2022-12-03 23:20:18,854 ] 87 root - INFO - Hypothesis ay_009: float64, float64 
[ 2022-12-03 23:20:18,873 ] 87 root - INFO - Hypothesis az_000: float64, float64 
[ 2022-12-03 23:20:18,880 ] 87 root - INFO - Hypothesis az_001: float64, float64 
[ 2022-12-03 23:20:18,887 ] 87 root - INFO - Hypothesis az_002: float64, float64 
[ 2022-12-03 23:20:18,893 ] 87 root - INFO - Hypothesis az_003: float64, float64 
[ 2022-12-03 23:20:18,900 ] 87 root - INFO - Hypothesis az_004: float64, float64 
[ 2022-12-03 23:20:18,907 ] 87 root - INFO - Hypothesis az_005: float64, float64 
[ 2022-12-03 23:20:18,914 ] 87 root - INFO - Hypothesis az_006: float64, float64 
[ 2022-12-03 23:20:18,920 ] 87 root - INFO - Hypothesis az_007: float64, float64 
[ 2022-12-03 23:20:18,936 ] 87 root - INFO - Hypothesis az_008: float64, float64 
[ 2022-12-03 23:20:18,951 ] 87 root - INFO - Hypothesis az_009: float64, float64 
[ 2022-12-03 23:20:18,965 ] 87 root - INFO - Hypothesis ba_000: float64, float64 
[ 2022-12-03 23:20:18,973 ] 87 root - INFO - Hypothesis ba_001: float64, float64 
[ 2022-12-03 23:20:18,979 ] 87 root - INFO - Hypothesis ba_002: float64, float64 
[ 2022-12-03 23:20:18,986 ] 87 root - INFO - Hypothesis ba_003: float64, float64 
[ 2022-12-03 23:20:18,993 ] 87 root - INFO - Hypothesis ba_004: float64, float64 
[ 2022-12-03 23:20:19,000 ] 87 root - INFO - Hypothesis ba_005: float64, float64 
[ 2022-12-03 23:20:19,008 ] 87 root - INFO - Hypothesis ba_006: float64, float64 
[ 2022-12-03 23:20:19,015 ] 87 root - INFO - Hypothesis ba_007: float64, float64 
[ 2022-12-03 23:20:19,021 ] 87 root - INFO - Hypothesis ba_008: float64, float64 
[ 2022-12-03 23:20:19,027 ] 87 root - INFO - Hypothesis ba_009: float64, float64 
[ 2022-12-03 23:20:19,032 ] 87 root - INFO - Hypothesis bb_000: float64, float64 
[ 2022-12-03 23:20:19,039 ] 87 root - INFO - Hypothesis bc_000: float64, float64 
[ 2022-12-03 23:20:19,044 ] 87 root - INFO - Hypothesis bd_000: float64, float64 
[ 2022-12-03 23:20:19,049 ] 87 root - INFO - Hypothesis be_000: float64, float64 
[ 2022-12-03 23:20:19,055 ] 87 root - INFO - Hypothesis bf_000: float64, float64 
[ 2022-12-03 23:20:19,060 ] 87 root - INFO - Hypothesis bg_000: float64, float64 
[ 2022-12-03 23:20:19,067 ] 87 root - INFO - Hypothesis bh_000: float64, float64 
[ 2022-12-03 23:20:19,073 ] 87 root - INFO - Hypothesis bi_000: float64, float64 
[ 2022-12-03 23:20:19,081 ] 87 root - INFO - Hypothesis bj_000: float64, float64 
[ 2022-12-03 23:20:19,088 ] 87 root - INFO - Hypothesis bs_000: float64, float64 
[ 2022-12-03 23:20:19,095 ] 87 root - INFO - Hypothesis bt_000: float64, float64 
[ 2022-12-03 23:20:19,102 ] 87 root - INFO - Hypothesis bu_000: float64, float64 
[ 2022-12-03 23:20:19,109 ] 87 root - INFO - Hypothesis bv_000: float64, float64 
[ 2022-12-03 23:20:19,116 ] 87 root - INFO - Hypothesis bx_000: float64, float64 
[ 2022-12-03 23:20:19,122 ] 87 root - INFO - Hypothesis by_000: float64, float64 
[ 2022-12-03 23:20:19,129 ] 87 root - INFO - Hypothesis bz_000: float64, float64 
[ 2022-12-03 23:20:19,135 ] 87 root - INFO - Hypothesis ca_000: float64, float64 
[ 2022-12-03 23:20:19,142 ] 87 root - INFO - Hypothesis cb_000: float64, float64 
[ 2022-12-03 23:20:19,149 ] 87 root - INFO - Hypothesis cc_000: float64, float64 
[ 2022-12-03 23:20:19,156 ] 87 root - INFO - Hypothesis cd_000: float64, float64 
[ 2022-12-03 23:20:19,171 ] 87 root - INFO - Hypothesis ce_000: float64, float64 
[ 2022-12-03 23:20:19,177 ] 87 root - INFO - Hypothesis ci_000: float64, float64 
[ 2022-12-03 23:20:19,185 ] 87 root - INFO - Hypothesis cj_000: float64, float64 
[ 2022-12-03 23:20:19,189 ] 87 root - INFO - Hypothesis ck_000: float64, float64 
[ 2022-12-03 23:20:19,196 ] 87 root - INFO - Hypothesis cl_000: float64, float64 
[ 2022-12-03 23:20:19,200 ] 87 root - INFO - Hypothesis cm_000: float64, float64 
[ 2022-12-03 23:20:19,204 ] 87 root - INFO - Hypothesis cn_000: float64, float64 
[ 2022-12-03 23:20:19,219 ] 87 root - INFO - Hypothesis cn_001: float64, float64 
[ 2022-12-03 23:20:19,235 ] 87 root - INFO - Hypothesis cn_002: float64, float64 
[ 2022-12-03 23:20:19,240 ] 87 root - INFO - Hypothesis cn_003: float64, float64 
[ 2022-12-03 23:20:19,247 ] 87 root - INFO - Hypothesis cn_004: float64, float64 
[ 2022-12-03 23:20:19,254 ] 87 root - INFO - Hypothesis cn_005: float64, float64 
[ 2022-12-03 23:20:19,261 ] 87 root - INFO - Hypothesis cn_006: float64, float64 
[ 2022-12-03 23:20:19,268 ] 87 root - INFO - Hypothesis cn_007: float64, float64 
[ 2022-12-03 23:20:19,274 ] 87 root - INFO - Hypothesis cn_008: float64, float64 
[ 2022-12-03 23:20:19,281 ] 87 root - INFO - Hypothesis cn_009: float64, float64 
[ 2022-12-03 23:20:19,286 ] 87 root - INFO - Hypothesis cp_000: float64, float64 
[ 2022-12-03 23:20:19,303 ] 87 root - INFO - Hypothesis cq_000: float64, float64 
[ 2022-12-03 23:20:19,310 ] 87 root - INFO - Hypothesis cs_000: float64, float64 
[ 2022-12-03 23:20:19,317 ] 87 root - INFO - Hypothesis cs_001: float64, float64 
[ 2022-12-03 23:20:19,322 ] 87 root - INFO - Hypothesis cs_002: float64, float64 
[ 2022-12-03 23:20:19,329 ] 87 root - INFO - Hypothesis cs_003: float64, float64 
[ 2022-12-03 23:20:19,336 ] 87 root - INFO - Hypothesis cs_004: float64, float64 
[ 2022-12-03 23:20:19,343 ] 87 root - INFO - Hypothesis cs_005: float64, float64 
[ 2022-12-03 23:20:19,350 ] 87 root - INFO - Hypothesis cs_006: float64, float64 
[ 2022-12-03 23:20:19,357 ] 87 root - INFO - Hypothesis cs_007: float64, float64 
[ 2022-12-03 23:20:19,364 ] 87 root - INFO - Hypothesis cs_008: float64, float64 
[ 2022-12-03 23:20:19,369 ] 87 root - INFO - Hypothesis cs_009: float64, float64 
[ 2022-12-03 23:20:19,384 ] 87 root - INFO - Hypothesis dd_000: float64, float64 
[ 2022-12-03 23:20:19,390 ] 87 root - INFO - Hypothesis de_000: float64, float64 
[ 2022-12-03 23:20:19,396 ] 87 root - INFO - Hypothesis df_000: float64, float64 
[ 2022-12-03 23:20:19,411 ] 87 root - INFO - Hypothesis dg_000: float64, float64 
[ 2022-12-03 23:20:19,426 ] 87 root - INFO - Hypothesis dh_000: float64, float64 
[ 2022-12-03 23:20:19,441 ] 87 root - INFO - Hypothesis di_000: float64, float64 
[ 2022-12-03 23:20:19,457 ] 87 root - INFO - Hypothesis dj_000: float64, float64 
[ 2022-12-03 23:20:19,472 ] 87 root - INFO - Hypothesis dk_000: float64, float64 
[ 2022-12-03 23:20:19,486 ] 87 root - INFO - Hypothesis dl_000: float64, float64 
[ 2022-12-03 23:20:19,501 ] 87 root - INFO - Hypothesis dm_000: float64, float64 
[ 2022-12-03 23:20:19,516 ] 87 root - INFO - Hypothesis dn_000: float64, float64 
[ 2022-12-03 23:20:19,523 ] 87 root - INFO - Hypothesis do_000: float64, float64 
[ 2022-12-03 23:20:19,529 ] 87 root - INFO - Hypothesis dp_000: float64, float64 
[ 2022-12-03 23:20:19,536 ] 87 root - INFO - Hypothesis dq_000: float64, float64 
[ 2022-12-03 23:20:19,552 ] 87 root - INFO - Hypothesis dr_000: float64, float64 
[ 2022-12-03 23:20:19,568 ] 87 root - INFO - Hypothesis ds_000: float64, float64 
[ 2022-12-03 23:20:19,575 ] 87 root - INFO - Hypothesis dt_000: float64, float64 
[ 2022-12-03 23:20:19,581 ] 87 root - INFO - Hypothesis du_000: float64, float64 
[ 2022-12-03 23:20:19,588 ] 87 root - INFO - Hypothesis dv_000: float64, float64 
[ 2022-12-03 23:20:19,595 ] 87 root - INFO - Hypothesis dx_000: float64, float64 
[ 2022-12-03 23:20:19,600 ] 87 root - INFO - Hypothesis dy_000: float64, float64 
[ 2022-12-03 23:20:19,604 ] 87 root - INFO - Hypothesis dz_000: float64, float64 
[ 2022-12-03 23:20:19,620 ] 87 root - INFO - Hypothesis ea_000: float64, float64 
[ 2022-12-03 23:20:19,636 ] 87 root - INFO - Hypothesis eb_000: float64, float64 
[ 2022-12-03 23:20:19,641 ] 87 root - INFO - Hypothesis ec_00: float64, float64 
[ 2022-12-03 23:20:19,648 ] 87 root - INFO - Hypothesis ed_000: float64, float64 
[ 2022-12-03 23:20:19,654 ] 87 root - INFO - Hypothesis ee_000: float64, float64 
[ 2022-12-03 23:20:19,662 ] 87 root - INFO - Hypothesis ee_001: float64, float64 
[ 2022-12-03 23:20:19,669 ] 87 root - INFO - Hypothesis ee_002: float64, float64 
[ 2022-12-03 23:20:19,676 ] 87 root - INFO - Hypothesis ee_003: float64, float64 
[ 2022-12-03 23:20:19,682 ] 87 root - INFO - Hypothesis ee_004: float64, float64 
[ 2022-12-03 23:20:19,689 ] 87 root - INFO - Hypothesis ee_005: float64, float64 
[ 2022-12-03 23:20:19,696 ] 87 root - INFO - Hypothesis ee_006: float64, float64 
[ 2022-12-03 23:20:19,702 ] 87 root - INFO - Hypothesis ee_007: float64, float64 
[ 2022-12-03 23:20:19,709 ] 87 root - INFO - Hypothesis ee_008: float64, float64 
[ 2022-12-03 23:20:19,715 ] 87 root - INFO - Hypothesis ee_009: float64, float64 
[ 2022-12-03 23:20:19,720 ] 87 root - INFO - Hypothesis ef_000: float64, float64 
[ 2022-12-03 23:20:19,735 ] 87 root - INFO - Hypothesis eg_000: float64, float64 
[ 2022-12-03 23:20:19,750 ] 146 root - INFO - Write reprt in yaml file
[ 2022-12-03 23:20:19,819 ] 151 root - INFO - Data validation artifact: DataValidationArtifact(report_file_path='/config/workspace/artifact/12032022__231954/data_validation/report.yaml')
