[ 2022-12-03 23:16:57,067 ] 15 root - INFO - >>>>>>>>>>>>>>>>>>>>>>>>>>>>>>>>>>>>>>>> Data Ingestion <<<<<<<<<<<<<<<<<<<<<<<<<<<<<<<<<<<<<<<<
[ 2022-12-03 23:16:57,067 ] 22 root - INFO - Exporting collection data as pandas dataframe
[ 2022-12-03 23:16:57,067 ] 18 root - INFO - Reading data from database: aps and collection: sensor
[ 2022-12-03 23:17:01,284 ] 20 root - INFO - Found columns: Index(['_id', 'class', 'aa_000', 'ab_000', 'ac_000', 'ad_000', 'ae_000',
       'af_000', 'ag_000', 'ag_001',
       ...
       'ee_002', 'ee_003', 'ee_004', 'ee_005', 'ee_006', 'ee_007', 'ee_008',
       'ee_009', 'ef_000', 'eg_000'],
      dtype='object', length=172)
[ 2022-12-03 23:17:01,284 ] 22 root - INFO - Dropping column: _id 
[ 2022-12-03 23:17:01,478 ] 24 root - INFO - Row and columns in df: (36188, 171)
[ 2022-12-03 23:17:01,478 ] 28 root - INFO - Save data in feature store
[ 2022-12-03 23:17:02,008 ] 34 root - INFO - Create feature store folder if not available
[ 2022-12-03 23:17:02,008 ] 38 root - INFO - Save df to feature store folder
[ 2022-12-03 23:17:04,396 ] 43 root - INFO - split dataset into train and test set
[ 2022-12-03 23:17:05,040 ] 47 root - INFO - create dataset directory folder if not available
[ 2022-12-03 23:17:05,041 ] 52 root - INFO - Save df to feature store folder
[ 2022-12-03 23:17:07,155 ] 64 root - INFO - Data ingestion artifact: DataIngestionArtifact(feature_store_file_path='/config/workspace/artifact/12032022__231657/data_ingestion/feature_store/sensor.csv', train_file_path='/config/workspace/artifact/12032022__231657/data_ingestion/dataset/train.csv', test_file_path='/config/workspace/artifact/12032022__231657/data_ingestion/dataset/test.csv')
[ 2022-12-03 23:17:07,624 ] 21 root - INFO - >>>>>>>>>>>>>>>>>>>>>>>>>>>>>>>>>>>>>>>> Data Validation <<<<<<<<<<<<<<<<<<<<<<<<<<<<<<<<<<<<<<<<
[ 2022-12-03 23:17:07,624 ] 109 root - INFO - Reading base dataframe
[ 2022-12-03 23:17:10,487 ] 112 root - INFO - Replace na value in base df
[ 2022-12-03 23:17:10,487 ] 114 root - INFO - Drop null values colums from base df
[ 2022-12-03 23:17:11,345 ] 43 root - INFO - selecting column name which contains null above to 0.2
[ 2022-12-03 23:17:11,345 ] 46 root - INFO - Columns to drop: ['ab_000', 'ad_000', 'bk_000', 'bl_000', 'bm_000', 'bn_000', 'bo_000', 'bp_000', 'bq_000', 'br_000', 'cf_000', 'cg_000', 'ch_000', 'co_000', 'cr_000', 'ct_000', 'cu_000', 'cv_000', 'cx_000', 'cy_000', 'cz_000', 'da_000', 'db_000', 'dc_000']
[ 2022-12-03 23:17:11,432 ] 117 root - INFO - Reading train dataframe
[ 2022-12-03 23:17:11,821 ] 119 root - INFO - Reading test dataframe
[ 2022-12-03 23:17:11,925 ] 122 root - INFO - Drop null values colums from train df
[ 2022-12-03 23:17:11,937 ] 43 root - INFO - selecting column name which contains null above to 0.2
[ 2022-12-03 23:17:11,937 ] 46 root - INFO - Columns to drop: ['ab_000', 'ad_000', 'bk_000', 'bl_000', 'bm_000', 'bn_000', 'bo_000', 'bp_000', 'bq_000', 'br_000', 'cf_000', 'cg_000', 'ch_000', 'co_000', 'cr_000', 'ct_000', 'cu_000', 'cv_000', 'cx_000', 'cy_000', 'cz_000', 'da_000', 'db_000', 'dc_000']
[ 2022-12-03 23:17:11,946 ] 124 root - INFO - Drop null values colums from test df
[ 2022-12-03 23:17:11,950 ] 43 root - INFO - selecting column name which contains null above to 0.2
[ 2022-12-03 23:17:11,950 ] 46 root - INFO - Columns to drop: ['ab_000', 'ad_000', 'bk_000', 'bl_000', 'bm_000', 'bn_000', 'bo_000', 'bp_000', 'bq_000', 'br_000', 'cf_000', 'cg_000', 'ch_000', 'co_000', 'cr_000', 'ct_000', 'cu_000', 'cv_000', 'cx_000', 'cy_000', 'cz_000', 'da_000', 'db_000', 'dc_000']
