[ 2022-12-06 12:45:11,289 ] 15 root - INFO - >>>>>>>>>>>>>>>>>>>>>>>>>>>>>>>>>>>>>>>> Data Ingestion <<<<<<<<<<<<<<<<<<<<<<<<<<<<<<<<<<<<<<<<
[ 2022-12-06 12:45:11,290 ] 22 root - INFO - Exporting collection data as pandas dataframe
[ 2022-12-06 12:45:11,290 ] 21 root - INFO - Reading data from database: aps and collection: sensor
[ 2022-12-06 12:45:15,619 ] 23 root - INFO - Found columns: Index(['_id', 'class', 'aa_000', 'ab_000', 'ac_000', 'ad_000', 'ae_000',
       'af_000', 'ag_000', 'ag_001',
       ...
       'ee_002', 'ee_003', 'ee_004', 'ee_005', 'ee_006', 'ee_007', 'ee_008',
       'ee_009', 'ef_000', 'eg_000'],
      dtype='object', length=172)
[ 2022-12-06 12:45:15,619 ] 25 root - INFO - Dropping column: _id 
[ 2022-12-06 12:45:15,873 ] 27 root - INFO - Row and columns in df: (36188, 171)
[ 2022-12-06 12:45:15,874 ] 28 root - INFO - Save data in feature store
[ 2022-12-06 12:45:16,703 ] 34 root - INFO - Create feature store folder if not available
[ 2022-12-06 12:45:16,704 ] 38 root - INFO - Save df to feature store folder
[ 2022-12-06 12:45:19,192 ] 43 root - INFO - split dataset into train and test set
[ 2022-12-06 12:45:19,872 ] 47 root - INFO - create dataset directory folder if not available
[ 2022-12-06 12:45:19,873 ] 52 root - INFO - Save df to feature store folder
[ 2022-12-06 12:45:22,051 ] 64 root - INFO - Data ingestion artifact: DataIngestionArtifact(feature_store_file_path='/config/workspace/artifact/12062022__124511/data_ingestion/feature_store/sensor.csv', train_file_path='/config/workspace/artifact/12062022__124511/data_ingestion/dataset/train.csv', test_file_path='/config/workspace/artifact/12062022__124511/data_ingestion/dataset/test.csv')
[ 2022-12-06 12:45:22,495 ] 21 root - INFO - >>>>>>>>>>>>>>>>>>>>>>>>>>>>>>>>>>>>>>>> Data Validation <<<<<<<<<<<<<<<<<<<<<<<<<<<<<<<<<<<<<<<<
[ 2022-12-06 12:45:22,495 ] 109 root - INFO - Reading base dataframe
[ 2022-12-06 12:45:25,327 ] 112 root - INFO - Replace na value in base df
[ 2022-12-06 12:45:25,327 ] 114 root - INFO - Drop null values colums from base df
[ 2022-12-06 12:45:26,223 ] 43 root - INFO - selecting column name which contains null above to 0.2
[ 2022-12-06 12:45:26,223 ] 46 root - INFO - Columns to drop: ['ab_000', 'ad_000', 'bk_000', 'bl_000', 'bm_000', 'bn_000', 'bo_000', 'bp_000', 'bq_000', 'br_000', 'cf_000', 'cg_000', 'ch_000', 'co_000', 'cr_000', 'ct_000', 'cu_000', 'cv_000', 'cx_000', 'cy_000', 'cz_000', 'da_000', 'db_000', 'dc_000']
[ 2022-12-06 12:45:26,312 ] 117 root - INFO - Reading train dataframe
[ 2022-12-06 12:45:26,699 ] 119 root - INFO - Reading test dataframe
[ 2022-12-06 12:45:26,800 ] 122 root - INFO - Drop null values colums from train df
[ 2022-12-06 12:45:26,815 ] 43 root - INFO - selecting column name which contains null above to 0.2
[ 2022-12-06 12:45:26,816 ] 46 root - INFO - Columns to drop: ['ab_000', 'ad_000', 'bk_000', 'bl_000', 'bm_000', 'bn_000', 'bo_000', 'bp_000', 'bq_000', 'br_000', 'cf_000', 'cg_000', 'ch_000', 'co_000', 'cr_000', 'ct_000', 'cu_000', 'cv_000', 'cx_000', 'cy_000', 'cz_000', 'da_000', 'db_000', 'dc_000']
[ 2022-12-06 12:45:26,822 ] 124 root - INFO - Drop null values colums from test df
[ 2022-12-06 12:45:26,828 ] 43 root - INFO - selecting column name which contains null above to 0.2
[ 2022-12-06 12:45:26,828 ] 46 root - INFO - Columns to drop: ['ab_000', 'ad_000', 'bk_000', 'bl_000', 'bm_000', 'bn_000', 'bo_000', 'bp_000', 'bq_000', 'br_000', 'cf_000', 'cg_000', 'ch_000', 'co_000', 'cr_000', 'ct_000', 'cu_000', 'cv_000', 'cx_000', 'cy_000', 'cz_000', 'da_000', 'db_000', 'dc_000']
[ 2022-12-06 12:45:32,653 ] 133 root - INFO - Is all required columns present in train df
[ 2022-12-06 12:45:32,653 ] 135 root - INFO - Is all required columns present in test df
[ 2022-12-06 12:45:32,653 ] 139 root - INFO - As all column are available in train df hence detecting data drift
[ 2022-12-06 12:45:32,653 ] 87 root - INFO - Hypothesis class: object, object 
[ 2022-12-06 12:45:32,789 ] 87 root - INFO - Hypothesis aa_000: float64, float64 
[ 2022-12-06 12:45:32,830 ] 87 root - INFO - Hypothesis ac_000: float64, float64 
[ 2022-12-06 12:45:32,838 ] 87 root - INFO - Hypothesis ae_000: float64, float64 
[ 2022-12-06 12:45:32,843 ] 87 root - INFO - Hypothesis af_000: float64, float64 
[ 2022-12-06 12:45:32,848 ] 87 root - INFO - Hypothesis ag_000: float64, float64 
[ 2022-12-06 12:45:32,881 ] 87 root - INFO - Hypothesis ag_001: float64, float64 
[ 2022-12-06 12:45:32,915 ] 87 root - INFO - Hypothesis ag_002: float64, float64 
[ 2022-12-06 12:45:32,950 ] 87 root - INFO - Hypothesis ag_003: float64, float64 
[ 2022-12-06 12:45:32,957 ] 87 root - INFO - Hypothesis ag_004: float64, float64 
[ 2022-12-06 12:45:32,968 ] 87 root - INFO - Hypothesis ag_005: float64, float64 
[ 2022-12-06 12:45:32,978 ] 87 root - INFO - Hypothesis ag_006: float64, float64 
[ 2022-12-06 12:45:32,989 ] 87 root - INFO - Hypothesis ag_007: float64, float64 
[ 2022-12-06 12:45:33,032 ] 87 root - INFO - Hypothesis ag_008: float64, float64 
[ 2022-12-06 12:45:33,075 ] 87 root - INFO - Hypothesis ag_009: float64, float64 
[ 2022-12-06 12:45:33,112 ] 87 root - INFO - Hypothesis ah_000: float64, float64 
[ 2022-12-06 12:45:33,152 ] 87 root - INFO - Hypothesis ai_000: float64, float64 
[ 2022-12-06 12:45:33,188 ] 87 root - INFO - Hypothesis aj_000: float64, float64 
[ 2022-12-06 12:45:33,224 ] 87 root - INFO - Hypothesis ak_000: float64, float64 
[ 2022-12-06 12:45:33,259 ] 87 root - INFO - Hypothesis al_000: float64, float64 
[ 2022-12-06 12:45:33,267 ] 87 root - INFO - Hypothesis am_0: float64, float64 
[ 2022-12-06 12:45:33,274 ] 87 root - INFO - Hypothesis an_000: float64, float64 
[ 2022-12-06 12:45:33,314 ] 87 root - INFO - Hypothesis ao_000: float64, float64 
[ 2022-12-06 12:45:33,355 ] 87 root - INFO - Hypothesis ap_000: float64, float64 
[ 2022-12-06 12:45:33,395 ] 87 root - INFO - Hypothesis aq_000: float64, float64 
[ 2022-12-06 12:45:33,435 ] 87 root - INFO - Hypothesis ar_000: float64, float64 
[ 2022-12-06 12:45:33,469 ] 87 root - INFO - Hypothesis as_000: float64, float64 
[ 2022-12-06 12:45:33,504 ] 87 root - INFO - Hypothesis at_000: float64, float64 
[ 2022-12-06 12:45:33,538 ] 87 root - INFO - Hypothesis au_000: float64, float64 
[ 2022-12-06 12:45:33,572 ] 87 root - INFO - Hypothesis av_000: float64, float64 
[ 2022-12-06 12:45:33,611 ] 87 root - INFO - Hypothesis ax_000: float64, float64 
[ 2022-12-06 12:45:33,650 ] 87 root - INFO - Hypothesis ay_000: float64, float64 
[ 2022-12-06 12:45:33,684 ] 87 root - INFO - Hypothesis ay_001: float64, float64 
[ 2022-12-06 12:45:33,718 ] 87 root - INFO - Hypothesis ay_002: float64, float64 
[ 2022-12-06 12:45:33,753 ] 87 root - INFO - Hypothesis ay_003: float64, float64 
[ 2022-12-06 12:45:33,787 ] 87 root - INFO - Hypothesis ay_004: float64, float64 
[ 2022-12-06 12:45:33,821 ] 87 root - INFO - Hypothesis ay_005: float64, float64 
[ 2022-12-06 12:45:33,859 ] 87 root - INFO - Hypothesis ay_006: float64, float64 
[ 2022-12-06 12:45:33,898 ] 87 root - INFO - Hypothesis ay_007: float64, float64 
[ 2022-12-06 12:45:33,938 ] 87 root - INFO - Hypothesis ay_008: float64, float64 
[ 2022-12-06 12:45:33,979 ] 87 root - INFO - Hypothesis ay_009: float64, float64 
[ 2022-12-06 12:45:34,014 ] 87 root - INFO - Hypothesis az_000: float64, float64 
[ 2022-12-06 12:45:34,026 ] 87 root - INFO - Hypothesis az_001: float64, float64 
[ 2022-12-06 12:45:34,066 ] 87 root - INFO - Hypothesis az_002: float64, float64 
[ 2022-12-06 12:45:34,107 ] 87 root - INFO - Hypothesis az_003: float64, float64 
[ 2022-12-06 12:45:34,147 ] 87 root - INFO - Hypothesis az_004: float64, float64 
[ 2022-12-06 12:45:34,188 ] 87 root - INFO - Hypothesis az_005: float64, float64 
[ 2022-12-06 12:45:34,229 ] 87 root - INFO - Hypothesis az_006: float64, float64 
[ 2022-12-06 12:45:34,268 ] 87 root - INFO - Hypothesis az_007: float64, float64 
[ 2022-12-06 12:45:34,304 ] 87 root - INFO - Hypothesis az_008: float64, float64 
[ 2022-12-06 12:45:34,338 ] 87 root - INFO - Hypothesis az_009: float64, float64 
[ 2022-12-06 12:45:34,375 ] 87 root - INFO - Hypothesis ba_000: float64, float64 
[ 2022-12-06 12:45:34,416 ] 87 root - INFO - Hypothesis ba_001: float64, float64 
[ 2022-12-06 12:45:34,427 ] 87 root - INFO - Hypothesis ba_002: float64, float64 
[ 2022-12-06 12:45:34,468 ] 87 root - INFO - Hypothesis ba_003: float64, float64 
[ 2022-12-06 12:45:34,508 ] 87 root - INFO - Hypothesis ba_004: float64, float64 
[ 2022-12-06 12:45:34,549 ] 87 root - INFO - Hypothesis ba_005: float64, float64 
[ 2022-12-06 12:45:34,590 ] 87 root - INFO - Hypothesis ba_006: float64, float64 
[ 2022-12-06 12:45:34,631 ] 87 root - INFO - Hypothesis ba_007: float64, float64 
[ 2022-12-06 12:45:34,672 ] 87 root - INFO - Hypothesis ba_008: float64, float64 
[ 2022-12-06 12:45:34,680 ] 87 root - INFO - Hypothesis ba_009: float64, float64 
[ 2022-12-06 12:45:34,687 ] 87 root - INFO - Hypothesis bb_000: float64, float64 
[ 2022-12-06 12:45:34,728 ] 87 root - INFO - Hypothesis bc_000: float64, float64 
[ 2022-12-06 12:45:34,736 ] 87 root - INFO - Hypothesis bd_000: float64, float64 
[ 2022-12-06 12:45:34,745 ] 87 root - INFO - Hypothesis be_000: float64, float64 
[ 2022-12-06 12:45:34,755 ] 87 root - INFO - Hypothesis bf_000: float64, float64 
[ 2022-12-06 12:45:34,793 ] 87 root - INFO - Hypothesis bg_000: float64, float64 
[ 2022-12-06 12:45:34,835 ] 87 root - INFO - Hypothesis bh_000: float64, float64 
[ 2022-12-06 12:45:34,876 ] 87 root - INFO - Hypothesis bi_000: float64, float64 
[ 2022-12-06 12:45:34,917 ] 87 root - INFO - Hypothesis bj_000: float64, float64 
[ 2022-12-06 12:45:34,959 ] 87 root - INFO - Hypothesis bs_000: float64, float64 
[ 2022-12-06 12:45:35,001 ] 87 root - INFO - Hypothesis bt_000: float64, float64 
[ 2022-12-06 12:45:35,043 ] 87 root - INFO - Hypothesis bu_000: float64, float64 
[ 2022-12-06 12:45:35,091 ] 87 root - INFO - Hypothesis bv_000: float64, float64 
[ 2022-12-06 12:45:35,131 ] 87 root - INFO - Hypothesis bx_000: float64, float64 
[ 2022-12-06 12:45:35,142 ] 87 root - INFO - Hypothesis by_000: float64, float64 
[ 2022-12-06 12:45:35,182 ] 87 root - INFO - Hypothesis bz_000: float64, float64 
[ 2022-12-06 12:45:35,191 ] 87 root - INFO - Hypothesis ca_000: float64, float64 
[ 2022-12-06 12:45:35,202 ] 87 root - INFO - Hypothesis cb_000: float64, float64 
[ 2022-12-06 12:45:35,213 ] 87 root - INFO - Hypothesis cc_000: float64, float64 
[ 2022-12-06 12:45:35,223 ] 87 root - INFO - Hypothesis cd_000: float64, float64 
[ 2022-12-06 12:45:35,258 ] 87 root - INFO - Hypothesis ce_000: float64, float64 
[ 2022-12-06 12:45:35,297 ] 87 root - INFO - Hypothesis ci_000: float64, float64 
[ 2022-12-06 12:45:35,337 ] 87 root - INFO - Hypothesis cj_000: float64, float64 
[ 2022-12-06 12:45:35,343 ] 87 root - INFO - Hypothesis ck_000: float64, float64 
[ 2022-12-06 12:45:35,383 ] 87 root - INFO - Hypothesis cl_000: float64, float64 
[ 2022-12-06 12:45:35,419 ] 87 root - INFO - Hypothesis cm_000: float64, float64 
[ 2022-12-06 12:45:35,456 ] 87 root - INFO - Hypothesis cn_000: float64, float64 
[ 2022-12-06 12:45:35,491 ] 87 root - INFO - Hypothesis cn_001: float64, float64 
[ 2022-12-06 12:45:35,496 ] 87 root - INFO - Hypothesis cn_002: float64, float64 
[ 2022-12-06 12:45:35,505 ] 87 root - INFO - Hypothesis cn_003: float64, float64 
[ 2022-12-06 12:45:35,515 ] 87 root - INFO - Hypothesis cn_004: float64, float64 
[ 2022-12-06 12:45:35,556 ] 87 root - INFO - Hypothesis cn_005: float64, float64 
[ 2022-12-06 12:45:35,599 ] 87 root - INFO - Hypothesis cn_006: float64, float64 
[ 2022-12-06 12:45:35,639 ] 87 root - INFO - Hypothesis cn_007: float64, float64 
[ 2022-12-06 12:45:35,680 ] 87 root - INFO - Hypothesis cn_008: float64, float64 
[ 2022-12-06 12:45:35,720 ] 87 root - INFO - Hypothesis cn_009: float64, float64 
[ 2022-12-06 12:45:35,757 ] 87 root - INFO - Hypothesis cp_000: float64, float64 
[ 2022-12-06 12:45:35,795 ] 87 root - INFO - Hypothesis cq_000: float64, float64 
[ 2022-12-06 12:45:35,836 ] 87 root - INFO - Hypothesis cs_000: float64, float64 
[ 2022-12-06 12:45:35,879 ] 87 root - INFO - Hypothesis cs_001: float64, float64 
[ 2022-12-06 12:45:35,920 ] 87 root - INFO - Hypothesis cs_002: float64, float64 
[ 2022-12-06 12:45:35,930 ] 87 root - INFO - Hypothesis cs_003: float64, float64 
[ 2022-12-06 12:45:35,941 ] 87 root - INFO - Hypothesis cs_004: float64, float64 
[ 2022-12-06 12:45:35,952 ] 87 root - INFO - Hypothesis cs_005: float64, float64 
[ 2022-12-06 12:45:35,993 ] 87 root - INFO - Hypothesis cs_006: float64, float64 
[ 2022-12-06 12:45:36,004 ] 87 root - INFO - Hypothesis cs_007: float64, float64 
[ 2022-12-06 12:45:36,015 ] 87 root - INFO - Hypothesis cs_008: float64, float64 
[ 2022-12-06 12:45:36,024 ] 87 root - INFO - Hypothesis cs_009: float64, float64 
[ 2022-12-06 12:45:36,059 ] 87 root - INFO - Hypothesis dd_000: float64, float64 
[ 2022-12-06 12:45:36,098 ] 87 root - INFO - Hypothesis de_000: float64, float64 
[ 2022-12-06 12:45:36,136 ] 87 root - INFO - Hypothesis df_000: float64, float64 
[ 2022-12-06 12:45:36,172 ] 87 root - INFO - Hypothesis dg_000: float64, float64 
[ 2022-12-06 12:45:36,177 ] 87 root - INFO - Hypothesis dh_000: float64, float64 
[ 2022-12-06 12:45:36,182 ] 87 root - INFO - Hypothesis di_000: float64, float64 
[ 2022-12-06 12:45:36,188 ] 87 root - INFO - Hypothesis dj_000: float64, float64 
[ 2022-12-06 12:45:36,223 ] 87 root - INFO - Hypothesis dk_000: float64, float64 
[ 2022-12-06 12:45:36,258 ] 87 root - INFO - Hypothesis dl_000: float64, float64 
[ 2022-12-06 12:45:36,294 ] 87 root - INFO - Hypothesis dm_000: float64, float64 
[ 2022-12-06 12:45:36,331 ] 87 root - INFO - Hypothesis dn_000: float64, float64 
[ 2022-12-06 12:45:36,371 ] 87 root - INFO - Hypothesis do_000: float64, float64 
[ 2022-12-06 12:45:36,411 ] 87 root - INFO - Hypothesis dp_000: float64, float64 
[ 2022-12-06 12:45:36,450 ] 87 root - INFO - Hypothesis dq_000: float64, float64 
[ 2022-12-06 12:45:36,487 ] 87 root - INFO - Hypothesis dr_000: float64, float64 
[ 2022-12-06 12:45:36,523 ] 87 root - INFO - Hypothesis ds_000: float64, float64 
[ 2022-12-06 12:45:36,563 ] 87 root - INFO - Hypothesis dt_000: float64, float64 
[ 2022-12-06 12:45:36,604 ] 87 root - INFO - Hypothesis du_000: float64, float64 
[ 2022-12-06 12:45:36,643 ] 87 root - INFO - Hypothesis dv_000: float64, float64 
[ 2022-12-06 12:45:36,686 ] 87 root - INFO - Hypothesis dx_000: float64, float64 
[ 2022-12-06 12:45:36,693 ] 87 root - INFO - Hypothesis dy_000: float64, float64 
[ 2022-12-06 12:45:36,700 ] 87 root - INFO - Hypothesis dz_000: float64, float64 
[ 2022-12-06 12:45:36,735 ] 87 root - INFO - Hypothesis ea_000: float64, float64 
[ 2022-12-06 12:45:36,770 ] 87 root - INFO - Hypothesis eb_000: float64, float64 
[ 2022-12-06 12:45:36,779 ] 87 root - INFO - Hypothesis ec_00: float64, float64 
[ 2022-12-06 12:45:36,789 ] 87 root - INFO - Hypothesis ed_000: float64, float64 
[ 2022-12-06 12:45:36,828 ] 87 root - INFO - Hypothesis ee_000: float64, float64 
[ 2022-12-06 12:45:36,870 ] 87 root - INFO - Hypothesis ee_001: float64, float64 
[ 2022-12-06 12:45:36,910 ] 87 root - INFO - Hypothesis ee_002: float64, float64 
[ 2022-12-06 12:45:36,951 ] 87 root - INFO - Hypothesis ee_003: float64, float64 
[ 2022-12-06 12:45:36,993 ] 87 root - INFO - Hypothesis ee_004: float64, float64 
[ 2022-12-06 12:45:37,033 ] 87 root - INFO - Hypothesis ee_005: float64, float64 
[ 2022-12-06 12:45:37,073 ] 87 root - INFO - Hypothesis ee_006: float64, float64 
[ 2022-12-06 12:45:37,118 ] 87 root - INFO - Hypothesis ee_007: float64, float64 
[ 2022-12-06 12:45:37,160 ] 87 root - INFO - Hypothesis ee_008: float64, float64 
[ 2022-12-06 12:45:37,198 ] 87 root - INFO - Hypothesis ee_009: float64, float64 
[ 2022-12-06 12:45:37,206 ] 87 root - INFO - Hypothesis ef_000: float64, float64 
[ 2022-12-06 12:45:37,243 ] 87 root - INFO - Hypothesis eg_000: float64, float64 
[ 2022-12-06 12:45:37,280 ] 142 root - INFO - As all column are available in test df hence detecting data drift
[ 2022-12-06 12:45:37,280 ] 87 root - INFO - Hypothesis class: object, object 
[ 2022-12-06 12:45:37,354 ] 87 root - INFO - Hypothesis aa_000: float64, float64 
[ 2022-12-06 12:45:37,361 ] 87 root - INFO - Hypothesis ac_000: float64, float64 
[ 2022-12-06 12:45:37,367 ] 87 root - INFO - Hypothesis ae_000: float64, float64 
[ 2022-12-06 12:45:37,370 ] 87 root - INFO - Hypothesis af_000: float64, float64 
[ 2022-12-06 12:45:37,373 ] 87 root - INFO - Hypothesis ag_000: float64, float64 
[ 2022-12-06 12:45:37,387 ] 87 root - INFO - Hypothesis ag_001: float64, float64 
[ 2022-12-06 12:45:37,401 ] 87 root - INFO - Hypothesis ag_002: float64, float64 
[ 2022-12-06 12:45:37,405 ] 87 root - INFO - Hypothesis ag_003: float64, float64 
[ 2022-12-06 12:45:37,409 ] 87 root - INFO - Hypothesis ag_004: float64, float64 
[ 2022-12-06 12:45:37,416 ] 87 root - INFO - Hypothesis ag_005: float64, float64 
[ 2022-12-06 12:45:37,423 ] 87 root - INFO - Hypothesis ag_006: float64, float64 
[ 2022-12-06 12:45:37,430 ] 87 root - INFO - Hypothesis ag_007: float64, float64 
[ 2022-12-06 12:45:37,436 ] 87 root - INFO - Hypothesis ag_008: float64, float64 
[ 2022-12-06 12:45:37,442 ] 87 root - INFO - Hypothesis ag_009: float64, float64 
[ 2022-12-06 12:45:37,446 ] 87 root - INFO - Hypothesis ah_000: float64, float64 
[ 2022-12-06 12:45:37,453 ] 87 root - INFO - Hypothesis ai_000: float64, float64 
[ 2022-12-06 12:45:37,468 ] 87 root - INFO - Hypothesis aj_000: float64, float64 
[ 2022-12-06 12:45:37,472 ] 87 root - INFO - Hypothesis ak_000: float64, float64 
[ 2022-12-06 12:45:37,476 ] 87 root - INFO - Hypothesis al_000: float64, float64 
[ 2022-12-06 12:45:37,481 ] 87 root - INFO - Hypothesis am_0: float64, float64 
[ 2022-12-06 12:45:37,485 ] 87 root - INFO - Hypothesis an_000: float64, float64 
[ 2022-12-06 12:45:37,492 ] 87 root - INFO - Hypothesis ao_000: float64, float64 
[ 2022-12-06 12:45:37,499 ] 87 root - INFO - Hypothesis ap_000: float64, float64 
[ 2022-12-06 12:45:37,506 ] 87 root - INFO - Hypothesis aq_000: float64, float64 
[ 2022-12-06 12:45:37,514 ] 87 root - INFO - Hypothesis ar_000: float64, float64 
[ 2022-12-06 12:45:37,518 ] 87 root - INFO - Hypothesis as_000: float64, float64 
[ 2022-12-06 12:45:37,532 ] 87 root - INFO - Hypothesis at_000: float64, float64 
[ 2022-12-06 12:45:37,547 ] 87 root - INFO - Hypothesis au_000: float64, float64 
[ 2022-12-06 12:45:37,561 ] 87 root - INFO - Hypothesis av_000: float64, float64 
[ 2022-12-06 12:45:37,567 ] 87 root - INFO - Hypothesis ax_000: float64, float64 
[ 2022-12-06 12:45:37,572 ] 87 root - INFO - Hypothesis ay_000: float64, float64 
[ 2022-12-06 12:45:37,586 ] 87 root - INFO - Hypothesis ay_001: float64, float64 
[ 2022-12-06 12:45:37,601 ] 87 root - INFO - Hypothesis ay_002: float64, float64 
[ 2022-12-06 12:45:37,615 ] 87 root - INFO - Hypothesis ay_003: float64, float64 
[ 2022-12-06 12:45:37,629 ] 87 root - INFO - Hypothesis ay_004: float64, float64 
[ 2022-12-06 12:45:37,644 ] 87 root - INFO - Hypothesis ay_005: float64, float64 
[ 2022-12-06 12:45:37,649 ] 87 root - INFO - Hypothesis ay_006: float64, float64 
[ 2022-12-06 12:45:37,655 ] 87 root - INFO - Hypothesis ay_007: float64, float64 
[ 2022-12-06 12:45:37,662 ] 87 root - INFO - Hypothesis ay_008: float64, float64 
[ 2022-12-06 12:45:37,669 ] 87 root - INFO - Hypothesis ay_009: float64, float64 
[ 2022-12-06 12:45:37,684 ] 87 root - INFO - Hypothesis az_000: float64, float64 
[ 2022-12-06 12:45:37,690 ] 87 root - INFO - Hypothesis az_001: float64, float64 
[ 2022-12-06 12:45:37,697 ] 87 root - INFO - Hypothesis az_002: float64, float64 
[ 2022-12-06 12:45:37,703 ] 87 root - INFO - Hypothesis az_003: float64, float64 
[ 2022-12-06 12:45:37,710 ] 87 root - INFO - Hypothesis az_004: float64, float64 
[ 2022-12-06 12:45:37,717 ] 87 root - INFO - Hypothesis az_005: float64, float64 
[ 2022-12-06 12:45:37,724 ] 87 root - INFO - Hypothesis az_006: float64, float64 
[ 2022-12-06 12:45:37,730 ] 87 root - INFO - Hypothesis az_007: float64, float64 
[ 2022-12-06 12:45:37,734 ] 87 root - INFO - Hypothesis az_008: float64, float64 
[ 2022-12-06 12:45:37,749 ] 87 root - INFO - Hypothesis az_009: float64, float64 
[ 2022-12-06 12:45:37,763 ] 87 root - INFO - Hypothesis ba_000: float64, float64 
[ 2022-12-06 12:45:37,770 ] 87 root - INFO - Hypothesis ba_001: float64, float64 
[ 2022-12-06 12:45:37,777 ] 87 root - INFO - Hypothesis ba_002: float64, float64 
[ 2022-12-06 12:45:37,784 ] 87 root - INFO - Hypothesis ba_003: float64, float64 
[ 2022-12-06 12:45:37,791 ] 87 root - INFO - Hypothesis ba_004: float64, float64 
[ 2022-12-06 12:45:37,798 ] 87 root - INFO - Hypothesis ba_005: float64, float64 
[ 2022-12-06 12:45:37,804 ] 87 root - INFO - Hypothesis ba_006: float64, float64 
[ 2022-12-06 12:45:37,811 ] 87 root - INFO - Hypothesis ba_007: float64, float64 
[ 2022-12-06 12:45:37,817 ] 87 root - INFO - Hypothesis ba_008: float64, float64 
[ 2022-12-06 12:45:37,823 ] 87 root - INFO - Hypothesis ba_009: float64, float64 
[ 2022-12-06 12:45:37,827 ] 87 root - INFO - Hypothesis bb_000: float64, float64 
[ 2022-12-06 12:45:37,834 ] 87 root - INFO - Hypothesis bc_000: float64, float64 
[ 2022-12-06 12:45:37,840 ] 87 root - INFO - Hypothesis bd_000: float64, float64 
[ 2022-12-06 12:45:37,845 ] 87 root - INFO - Hypothesis be_000: float64, float64 
[ 2022-12-06 12:45:37,851 ] 87 root - INFO - Hypothesis bf_000: float64, float64 
[ 2022-12-06 12:45:37,856 ] 87 root - INFO - Hypothesis bg_000: float64, float64 
[ 2022-12-06 12:45:37,863 ] 87 root - INFO - Hypothesis bh_000: float64, float64 
[ 2022-12-06 12:45:37,869 ] 87 root - INFO - Hypothesis bi_000: float64, float64 
[ 2022-12-06 12:45:37,877 ] 87 root - INFO - Hypothesis bj_000: float64, float64 
[ 2022-12-06 12:45:37,884 ] 87 root - INFO - Hypothesis bs_000: float64, float64 
[ 2022-12-06 12:45:37,891 ] 87 root - INFO - Hypothesis bt_000: float64, float64 
[ 2022-12-06 12:45:37,898 ] 87 root - INFO - Hypothesis bu_000: float64, float64 
[ 2022-12-06 12:45:37,905 ] 87 root - INFO - Hypothesis bv_000: float64, float64 
[ 2022-12-06 12:45:37,912 ] 87 root - INFO - Hypothesis bx_000: float64, float64 
[ 2022-12-06 12:45:37,919 ] 87 root - INFO - Hypothesis by_000: float64, float64 
[ 2022-12-06 12:45:37,926 ] 87 root - INFO - Hypothesis bz_000: float64, float64 
[ 2022-12-06 12:45:37,932 ] 87 root - INFO - Hypothesis ca_000: float64, float64 
[ 2022-12-06 12:45:37,940 ] 87 root - INFO - Hypothesis cb_000: float64, float64 
[ 2022-12-06 12:45:37,947 ] 87 root - INFO - Hypothesis cc_000: float64, float64 
[ 2022-12-06 12:45:37,955 ] 87 root - INFO - Hypothesis cd_000: float64, float64 
[ 2022-12-06 12:45:37,971 ] 87 root - INFO - Hypothesis ce_000: float64, float64 
[ 2022-12-06 12:45:37,978 ] 87 root - INFO - Hypothesis ci_000: float64, float64 
[ 2022-12-06 12:45:37,986 ] 87 root - INFO - Hypothesis cj_000: float64, float64 
[ 2022-12-06 12:45:37,991 ] 87 root - INFO - Hypothesis ck_000: float64, float64 
[ 2022-12-06 12:45:38,000 ] 87 root - INFO - Hypothesis cl_000: float64, float64 
[ 2022-12-06 12:45:38,005 ] 87 root - INFO - Hypothesis cm_000: float64, float64 
[ 2022-12-06 12:45:38,010 ] 87 root - INFO - Hypothesis cn_000: float64, float64 
[ 2022-12-06 12:45:38,014 ] 87 root - INFO - Hypothesis cn_001: float64, float64 
[ 2022-12-06 12:45:38,019 ] 87 root - INFO - Hypothesis cn_002: float64, float64 
[ 2022-12-06 12:45:38,024 ] 87 root - INFO - Hypothesis cn_003: float64, float64 
[ 2022-12-06 12:45:38,032 ] 87 root - INFO - Hypothesis cn_004: float64, float64 
[ 2022-12-06 12:45:38,039 ] 87 root - INFO - Hypothesis cn_005: float64, float64 
[ 2022-12-06 12:45:38,047 ] 87 root - INFO - Hypothesis cn_006: float64, float64 
[ 2022-12-06 12:45:38,053 ] 87 root - INFO - Hypothesis cn_007: float64, float64 
[ 2022-12-06 12:45:38,060 ] 87 root - INFO - Hypothesis cn_008: float64, float64 
[ 2022-12-06 12:45:38,066 ] 87 root - INFO - Hypothesis cn_009: float64, float64 
[ 2022-12-06 12:45:38,071 ] 87 root - INFO - Hypothesis cp_000: float64, float64 
[ 2022-12-06 12:45:38,076 ] 87 root - INFO - Hypothesis cq_000: float64, float64 
[ 2022-12-06 12:45:38,084 ] 87 root - INFO - Hypothesis cs_000: float64, float64 
[ 2022-12-06 12:45:38,090 ] 87 root - INFO - Hypothesis cs_001: float64, float64 
[ 2022-12-06 12:45:38,096 ] 87 root - INFO - Hypothesis cs_002: float64, float64 
[ 2022-12-06 12:45:38,103 ] 87 root - INFO - Hypothesis cs_003: float64, float64 
[ 2022-12-06 12:45:38,110 ] 87 root - INFO - Hypothesis cs_004: float64, float64 
[ 2022-12-06 12:45:38,117 ] 87 root - INFO - Hypothesis cs_005: float64, float64 
[ 2022-12-06 12:45:38,124 ] 87 root - INFO - Hypothesis cs_006: float64, float64 
[ 2022-12-06 12:45:38,132 ] 87 root - INFO - Hypothesis cs_007: float64, float64 
[ 2022-12-06 12:45:38,139 ] 87 root - INFO - Hypothesis cs_008: float64, float64 
[ 2022-12-06 12:45:38,144 ] 87 root - INFO - Hypothesis cs_009: float64, float64 
[ 2022-12-06 12:45:38,159 ] 87 root - INFO - Hypothesis dd_000: float64, float64 
[ 2022-12-06 12:45:38,165 ] 87 root - INFO - Hypothesis de_000: float64, float64 
[ 2022-12-06 12:45:38,171 ] 87 root - INFO - Hypothesis df_000: float64, float64 
[ 2022-12-06 12:45:38,174 ] 87 root - INFO - Hypothesis dg_000: float64, float64 
[ 2022-12-06 12:45:38,177 ] 87 root - INFO - Hypothesis dh_000: float64, float64 
[ 2022-12-06 12:45:38,181 ] 87 root - INFO - Hypothesis di_000: float64, float64 
[ 2022-12-06 12:45:38,185 ] 87 root - INFO - Hypothesis dj_000: float64, float64 
[ 2022-12-06 12:45:38,188 ] 87 root - INFO - Hypothesis dk_000: float64, float64 
[ 2022-12-06 12:45:38,192 ] 87 root - INFO - Hypothesis dl_000: float64, float64 
[ 2022-12-06 12:45:38,195 ] 87 root - INFO - Hypothesis dm_000: float64, float64 
[ 2022-12-06 12:45:38,198 ] 87 root - INFO - Hypothesis dn_000: float64, float64 
[ 2022-12-06 12:45:38,205 ] 87 root - INFO - Hypothesis do_000: float64, float64 
[ 2022-12-06 12:45:38,211 ] 87 root - INFO - Hypothesis dp_000: float64, float64 
[ 2022-12-06 12:45:38,217 ] 87 root - INFO - Hypothesis dq_000: float64, float64 
[ 2022-12-06 12:45:38,222 ] 87 root - INFO - Hypothesis dr_000: float64, float64 
[ 2022-12-06 12:45:38,226 ] 87 root - INFO - Hypothesis ds_000: float64, float64 
[ 2022-12-06 12:45:38,233 ] 87 root - INFO - Hypothesis dt_000: float64, float64 
[ 2022-12-06 12:45:38,240 ] 87 root - INFO - Hypothesis du_000: float64, float64 
[ 2022-12-06 12:45:38,247 ] 87 root - INFO - Hypothesis dv_000: float64, float64 
[ 2022-12-06 12:45:38,253 ] 87 root - INFO - Hypothesis dx_000: float64, float64 
[ 2022-12-06 12:45:38,258 ] 87 root - INFO - Hypothesis dy_000: float64, float64 
[ 2022-12-06 12:45:38,263 ] 87 root - INFO - Hypothesis dz_000: float64, float64 
[ 2022-12-06 12:45:38,266 ] 87 root - INFO - Hypothesis ea_000: float64, float64 
[ 2022-12-06 12:45:38,269 ] 87 root - INFO - Hypothesis eb_000: float64, float64 
[ 2022-12-06 12:45:38,276 ] 87 root - INFO - Hypothesis ec_00: float64, float64 
[ 2022-12-06 12:45:38,282 ] 87 root - INFO - Hypothesis ed_000: float64, float64 
[ 2022-12-06 12:45:38,288 ] 87 root - INFO - Hypothesis ee_000: float64, float64 
[ 2022-12-06 12:45:38,295 ] 87 root - INFO - Hypothesis ee_001: float64, float64 
[ 2022-12-06 12:45:38,302 ] 87 root - INFO - Hypothesis ee_002: float64, float64 
[ 2022-12-06 12:45:38,309 ] 87 root - INFO - Hypothesis ee_003: float64, float64 
[ 2022-12-06 12:45:38,316 ] 87 root - INFO - Hypothesis ee_004: float64, float64 
[ 2022-12-06 12:45:38,323 ] 87 root - INFO - Hypothesis ee_005: float64, float64 
[ 2022-12-06 12:45:38,330 ] 87 root - INFO - Hypothesis ee_006: float64, float64 
[ 2022-12-06 12:45:38,337 ] 87 root - INFO - Hypothesis ee_007: float64, float64 
[ 2022-12-06 12:45:38,344 ] 87 root - INFO - Hypothesis ee_008: float64, float64 
[ 2022-12-06 12:45:38,350 ] 87 root - INFO - Hypothesis ee_009: float64, float64 
[ 2022-12-06 12:45:38,355 ] 87 root - INFO - Hypothesis ef_000: float64, float64 
[ 2022-12-06 12:45:38,358 ] 87 root - INFO - Hypothesis eg_000: float64, float64 
[ 2022-12-06 12:45:38,361 ] 146 root - INFO - Write reprt in yaml file
[ 2022-12-06 12:45:38,430 ] 151 root - INFO - Data validation artifact: DataValidationArtifact(report_file_path='/config/workspace/artifact/12062022__124511/data_validation/report.yaml')
[ 2022-12-06 12:45:38,432 ] 24 root - INFO - >>>>>>>>>>>>>>>>>>>>>>>>>>>>>>>>>>>>>>>> Data Transformation <<<<<<<<<<<<<<<<<<<<<<<<<<<<<<<<<<<<<<<<
[ 2022-12-06 12:45:39,327 ] 75 root - INFO - Before resampling in training set Input: (28950, 170) Target:(28950,)
[ 2022-12-06 12:45:45,657 ] 77 root - INFO - After resampling in training set Input: (56158, 170) Target:(56158,)
[ 2022-12-06 12:45:45,657 ] 79 root - INFO - Before resampling in testing set Input: (7238, 170) Target:(7238,)
[ 2022-12-06 12:45:46,299 ] 81 root - INFO - After resampling in testing set Input: (14072, 170) Target:(14072,)
[ 2022-12-06 12:45:46,414 ] 54 root - INFO - Entered the save_object method of utils
[ 2022-12-06 12:45:46,417 ] 58 root - INFO - Exited the save_object method of utils
[ 2022-12-06 12:45:46,417 ] 54 root - INFO - Entered the save_object method of utils
[ 2022-12-06 12:45:46,418 ] 58 root - INFO - Exited the save_object method of utils
[ 2022-12-06 12:45:46,418 ] 112 root - INFO - Data transformation object DataTransformationArtifact(transform_object_path='/config/workspace/artifact/12062022__124511/data_transformation/transformer/transformer.pkl', transformed_train_path='/config/workspace/artifact/12062022__124511/data_transformation/transformed/train.npz', transformed_test_path='/config/workspace/artifact/12062022__124511/data_transformation/transformed/test.npz', target_encoder_path='/config/workspace/artifact/12062022__124511/data_transformation/target_encoder/target_encoder.pkl')
[ 2022-12-06 12:45:46,419 ] 18 root - INFO - >>>>>>>>>>>>>>>>>>>>>>>>>>>>>>>>>>>>>>>> Model Trainer <<<<<<<<<<<<<<<<<<<<<<<<<<<<<<<<<<<<<<<<
[ 2022-12-06 12:45:46,419 ] 45 root - INFO - Loading train and test array.
[ 2022-12-06 12:45:46,450 ] 49 root - INFO - Splitting input and target feature from both train and test arr.
[ 2022-12-06 12:45:46,450 ] 53 root - INFO - Train the model
[ 2022-12-06 12:45:59,357 ] 56 root - INFO - Calculating f1 train score
[ 2022-12-06 12:45:59,416 ] 60 root - INFO - Calculating f1 test score
[ 2022-12-06 12:45:59,437 ] 64 root - INFO - train score:0.9999821927809535 and tests score 0.9853141342503045
[ 2022-12-06 12:45:59,437 ] 66 root - INFO - Checking if our model is underfitting or not
[ 2022-12-06 12:45:59,437 ] 71 root - INFO - Checking if our model is overfiiting or not
[ 2022-12-06 12:45:59,438 ] 78 root - INFO - Saving mode object
[ 2022-12-06 12:45:59,438 ] 54 root - INFO - Entered the save_object method of utils
[ 2022-12-06 12:45:59,446 ] 58 root - INFO - Exited the save_object method of utils
[ 2022-12-06 12:45:59,446 ] 82 root - INFO - Prepare the artifact
[ 2022-12-06 12:45:59,446 ] 85 root - INFO - Model trainer artifact: ModelTrainerArtifact(model_path='/config/workspace/artifact/12062022__124511/model_trainer/model/model.pkl', f1_train_score=0.9999821927809535, f1_test_score=0.9853141342503045)
[ 2022-12-06 12:45:59,448 ] 14 root - INFO - >>>>>>>>>>>>>>>>>>>>>>>>>>>>>>>>>>>>>>>>  Model Evaluation <<<<<<<<<<<<<<<<<<<<<<<<<<<<<<<<<<<<<<<<
[ 2022-12-06 12:45:59,449 ] 34 root - INFO - Model evaluation artifact: ModelEvaluationArtifact(is_model_accepted=True, improved_accuracy=None)
